[INFO ] [2018-04-11 17:12:09] com.alibaba.druid.pool.DruidDataSource [854] - {dataSource-1} inited
[INFO ] [2018-04-11 17:12:09] com.tiza.gw.support.other.SqlXmlCache [44] - 启动，读取记录所有SQL语句的XML信息！
[INFO ] [2018-04-11 17:12:09] com.tiza.gw.support.other.SqlXmlCache [66] - KEY:selectVehicle DESCRIPTION: 获取车辆信息 SQL SIZE IS 324
[INFO ] [2018-04-11 17:12:09] com.tiza.gw.support.other.SqlXmlCache [66] - KEY:selectCan DESCRIPTION: 获取功能集信息 SQL SIZE IS 175
[INFO ] [2018-04-11 17:12:09] com.tiza.gw.support.other.SqlXmlCache [66] - KEY:selectFenceAlarm DESCRIPTION: 获取围栏报警信息 SQL SIZE IS 330
[INFO ] [2018-04-11 17:12:09] com.tiza.gw.support.other.SqlXmlCache [66] - KEY:selectAlarm DESCRIPTION: 获取报警信息 SQL SIZE IS 332
[INFO ] [2018-04-11 17:12:09] com.tiza.gw.support.other.SqlXmlCache [66] - KEY:selectFence DESCRIPTION: 获取围栏信息 SQL SIZE IS 236
[INFO ] [2018-04-11 17:12:09] com.tiza.gw.support.other.SqlXmlCache [66] - KEY:selectOnline DESCRIPTION: 获取终端在线状态 SQL SIZE IS 166
[INFO ] [2018-04-11 17:12:09] com.tiza.gw.support.other.SqlXmlCache [75] - 成功读取记录所有SQL语句的XML信息！
[INFO ] [2018-04-11 17:12:09] com.tiza.gw.support.listener.CMDInitializer [23] - 协议解析初始化...
[INFO ] [2018-04-11 17:12:10] com.tiza.gw.netty.server.CbmsServer [51] - CBMS网关启动, 端口[8089]...
[INFO ] [2018-04-11 17:12:14] com.tiza.gw.support.task.timer.VehicleInfoTask [35] - 刷新车辆列表...
[INFO ] [2018-04-11 17:12:19] com.tiza.gw.support.task.timer.CanInfoTask [54] - 刷新功能集信息...
[INFO ] [2018-04-11 17:12:21] com.tiza.gw.netty.client.DbpClient [99] - CBMS客户端, 尝试第1次重连DBP...
[INFO ] [2018-04-11 17:12:24] com.tiza.gw.support.task.timer.FenceInfoTask [35] - 刷新围栏信息...
[INFO ] [2018-04-11 17:12:29] com.tiza.gw.support.task.timer.AlarmInfoTask [41] - 刷新报警信息...
[INFO ] [2018-04-11 17:18:16] com.tiza.gw.netty.client.DbpClient [99] - CBMS客户端, 尝试第2次重连DBP...
[INFO ] [2018-04-11 17:18:26] com.tiza.gw.netty.client.TlbsClient [90] - CBMS客户端, 尝试第1次重连TLBS...
[INFO ] [2018-04-11 17:18:27] com.tiza.gw.netty.client.DbpClient [99] - CBMS客户端, 尝试第3次重连DBP...
[INFO ] [2018-04-11 17:18:36] com.tiza.gw.support.task.timer.OnlineCheckTask [28] - 刷新检测车辆在线状态...
[INFO ] [2018-04-11 17:18:38] com.tiza.gw.netty.client.DbpClient [99] - CBMS客户端, 尝试第4次重连DBP...
[INFO ] [2018-04-11 17:18:49] com.tiza.gw.netty.client.DbpClient [99] - CBMS客户端, 尝试第5次重连DBP...
[INFO ] [2018-04-11 17:18:57] com.tiza.gw.netty.client.TlbsClient [90] - CBMS客户端, 尝试第2次重连TLBS...
[INFO ] [2018-04-11 17:19:00] com.tiza.gw.netty.client.DbpClient [99] - CBMS客户端, 尝试第6次重连DBP...
[INFO ] [2018-04-11 17:19:11] com.tiza.gw.netty.client.DbpClient [99] - CBMS客户端, 尝试第7次重连DBP...
[INFO ] [2018-04-11 17:19:22] com.tiza.gw.netty.client.DbpClient [99] - CBMS客户端, 尝试第8次重连DBP...
[INFO ] [2018-04-11 17:19:28] com.tiza.gw.netty.client.TlbsClient [90] - CBMS客户端, 尝试第3次重连TLBS...
[INFO ] [2018-04-11 17:19:33] com.tiza.gw.netty.client.DbpClient [99] - CBMS客户端, 尝试第9次重连DBP...
[INFO ] [2018-04-11 17:19:44] com.tiza.gw.netty.client.DbpClient [99] - CBMS客户端, 尝试第10次重连DBP...
[INFO ] [2018-04-11 17:19:55] com.tiza.gw.netty.client.DbpClient [99] - CBMS客户端, 尝试第11次重连DBP...
[INFO ] [2018-04-11 17:19:59] com.tiza.gw.netty.client.TlbsClient [90] - CBMS客户端, 尝试第4次重连TLBS...
[INFO ] [2018-04-11 17:20:06] com.tiza.gw.netty.client.DbpClient [99] - CBMS客户端, 尝试第12次重连DBP...
[INFO ] [2018-04-11 17:20:17] com.tiza.gw.netty.client.DbpClient [99] - CBMS客户端, 尝试第13次重连DBP...
[INFO ] [2018-04-11 17:20:28] com.tiza.gw.netty.client.DbpClient [99] - CBMS客户端, 尝试第14次重连DBP...
[INFO ] [2018-04-11 17:20:30] com.tiza.gw.netty.client.TlbsClient [90] - CBMS客户端, 尝试第5次重连TLBS...
[INFO ] [2018-04-11 17:20:39] com.tiza.gw.netty.client.DbpClient [99] - CBMS客户端, 尝试第15次重连DBP...
[INFO ] [2018-04-11 17:20:50] com.tiza.gw.netty.client.DbpClient [99] - CBMS客户端, 尝试第16次重连DBP...
[INFO ] [2018-04-11 17:21:01] com.tiza.gw.netty.client.TlbsClient [90] - CBMS客户端, 尝试第6次重连TLBS...
[INFO ] [2018-04-11 17:21:01] com.tiza.gw.netty.client.DbpClient [99] - CBMS客户端, 尝试第17次重连DBP...
[INFO ] [2018-04-11 17:21:12] com.tiza.gw.netty.client.DbpClient [99] - CBMS客户端, 尝试第18次重连DBP...
[INFO ] [2018-04-11 17:21:23] com.tiza.gw.netty.client.DbpClient [99] - CBMS客户端, 尝试第19次重连DBP...
[INFO ] [2018-04-11 17:21:32] com.tiza.gw.netty.client.TlbsClient [90] - CBMS客户端, 尝试第7次重连TLBS...
[INFO ] [2018-04-11 17:21:34] com.tiza.gw.netty.client.DbpClient [99] - CBMS客户端, 尝试第20次重连DBP...
